<?xml version="1.0" encoding="UTF-8"?>
<!-- Generated by org.testng.reporters.JUnitReportReporter -->
<testsuite hostname="a-cdd622f9b4c14" name="tests.LoginTest" tests="2" failures="0" timestamp="30 Jun 2011 18:14:08 GMT" time="0.000" errors="0">
  <testcase name="testLogin" time="0.000" classname="tests.LoginTest"/>
  <testcase name="testRegister" time="0.000" classname="tests.LoginTest"/>
</testsuite>
