<?xml version="1.0" encoding="UTF-8"?>
<!-- Generated by org.testng.reporters.JUnitReportReporter -->
<testsuite hostname="a-cdd622f9b4c14" name="tests.SellItemsTest" tests="1" failures="0" timestamp="30 Jun 2011 18:14:08 GMT" time="0.000" errors="1">
  <testcase name="testSellingBooks" time="0.000" classname="tests.SellItemsTest"/>
</testsuite>
